TN:
SF:src\config\auth.ts
FN:21,(anonymous_10)
FN:47,(anonymous_11)
FN:54,(anonymous_12)
FN:55,(anonymous_13)
FN:67,(anonymous_14)
FN:75,(anonymous_15)
FN:102,(anonymous_16)
FN:106,(anonymous_17)
FNF:8
FNH:4
FNDA:5,(anonymous_10)
FNDA:0,(anonymous_11)
FNDA:0,(anonymous_12)
FNDA:0,(anonymous_13)
FNDA:2,(anonymous_14)
FNDA:2,(anonymous_15)
FNDA:0,(anonymous_16)
FNDA:1,(anonymous_17)
DA:1,3
DA:2,3
DA:4,3
DA:12,3
DA:17,5
DA:18,5
DA:22,5
DA:23,5
DA:24,5
DA:25,5
DA:27,5
DA:28,1
DA:32,4
DA:33,4
DA:37,0
DA:40,4
DA:47,4
DA:48,0
DA:49,0
DA:50,0
DA:53,4
DA:54,0
DA:56,0
DA:57,0
DA:58,0
DA:59,0
DA:60,0
DA:62,0
DA:68,2
DA:69,0
DA:71,2
DA:72,2
DA:76,2
DA:77,2
DA:79,2
DA:94,2
DA:95,2
DA:96,2
DA:98,0
DA:103,0
DA:107,1
LF:41
LH:27
BRDA:22,0,0,5
BRDA:22,0,1,1
BRDA:23,1,0,5
BRDA:23,1,1,0
BRDA:24,2,0,5
BRDA:24,2,1,0
BRDA:25,3,0,5
BRDA:25,3,1,0
BRDA:27,4,0,1
BRDA:27,5,0,5
BRDA:27,5,1,4
BRDA:27,5,2,4
BRDA:27,5,3,4
BRDA:32,6,0,4
BRDA:32,6,1,0
BRDA:33,7,0,0
BRDA:33,7,1,4
BRDA:37,8,0,0
BRDA:37,8,1,0
BRDA:56,9,0,0
BRDA:68,10,0,0
BRDA:68,11,0,2
BRDA:68,11,1,1
BRDA:77,12,0,2
BRDA:77,12,1,2
BRDA:95,13,0,2
BRDA:95,13,1,0
BRF:27
BRH:17
end_of_record
TN:
SF:src\config\contpaqiAuth.ts
FN:24,(anonymous_10)
FN:61,(anonymous_11)
FN:70,(anonymous_12)
FN:71,(anonymous_13)
FN:99,(anonymous_14)
FN:107,(anonymous_15)
FN:135,(anonymous_16)
FN:215,(anonymous_17)
FN:219,(anonymous_18)
FNF:9
FNH:3
FNDA:7,(anonymous_10)
FNDA:0,(anonymous_11)
FNDA:0,(anonymous_12)
FNDA:0,(anonymous_13)
FNDA:2,(anonymous_14)
FNDA:4,(anonymous_15)
FNDA:0,(anonymous_16)
FNDA:0,(anonymous_17)
FNDA:0,(anonymous_18)
DA:1,3
DA:2,3
DA:3,3
DA:5,3
DA:16,3
DA:20,7
DA:21,7
DA:25,7
DA:26,7
DA:27,7
DA:31,7
DA:37,7
DA:38,1
DA:41,6
DA:42,6
DA:43,0
DA:44,6
DA:45,0
DA:48,6
DA:54,6
DA:61,6
DA:62,0
DA:63,0
DA:64,0
DA:66,0
DA:69,6
DA:70,0
DA:72,0
DA:73,0
DA:74,0
DA:77,0
DA:78,0
DA:79,0
DA:80,0
DA:81,0
DA:82,0
DA:83,0
DA:84,0
DA:85,0
DA:86,0
DA:89,0
DA:90,0
DA:94,0
DA:100,2
DA:101,1
DA:103,1
DA:104,1
DA:108,4
DA:110,4
DA:111,0
DA:112,4
DA:113,0
DA:115,4
DA:118,4
DA:123,4
DA:128,4
DA:135,0
DA:139,4
DA:140,1
DA:141,1
DA:142,1
DA:148,1
DA:151,3
DA:152,0
DA:157,0
DA:160,3
DA:162,3
DA:163,2
DA:164,1
DA:166,1
DA:173,1
DA:174,1
DA:178,3
DA:179,0
DA:184,0
DA:187,3
DA:188,3
DA:190,3
DA:196,1
DA:197,1
DA:200,0
DA:201,0
DA:203,0
DA:211,0
DA:216,0
DA:220,0
DA:221,0
DA:222,0
LF:88
LH:50
BRDA:25,0,0,7
BRDA:25,0,1,0
BRDA:26,1,0,7
BRDA:26,1,1,1
BRDA:27,2,0,7
BRDA:27,2,1,0
BRDA:31,3,0,7
BRDA:31,3,1,7
BRDA:31,3,2,6
BRDA:31,3,3,6
BRDA:31,3,4,6
BRDA:37,4,0,1
BRDA:42,5,0,0
BRDA:42,5,1,6
BRDA:44,6,0,0
BRDA:63,7,0,0
BRDA:72,8,0,0
BRDA:73,9,0,0
BRDA:73,10,0,0
BRDA:73,10,1,0
BRDA:77,11,0,0
BRDA:84,12,0,0
BRDA:84,13,0,0
BRDA:84,13,1,0
BRDA:100,14,0,1
BRDA:100,15,0,2
BRDA:100,15,1,1
BRDA:110,16,0,0
BRDA:110,16,1,4
BRDA:112,17,0,0
BRDA:112,17,1,4
BRDA:139,18,0,1
BRDA:140,19,0,1
BRDA:140,19,1,0
BRDA:141,20,0,1
BRDA:141,20,1,1
BRDA:141,20,2,1
BRDA:151,21,0,0
BRDA:151,22,0,3
BRDA:151,22,1,0
BRDA:162,23,0,2
BRDA:162,23,1,1
BRDA:164,24,0,1
BRDA:164,25,0,1
BRDA:164,25,1,1
BRDA:166,26,0,1
BRDA:166,26,1,0
BRDA:166,26,2,0
BRDA:166,26,3,0
BRDA:166,26,4,0
BRDA:166,26,5,0
BRDA:173,27,0,1
BRDA:178,28,0,0
BRDA:178,29,0,3
BRDA:178,29,1,3
BRDA:178,29,2,3
BRDA:196,30,0,1
BRDA:196,31,0,1
BRDA:196,31,1,1
BRDA:196,31,2,0
BRDA:200,32,0,0
BRDA:200,32,1,0
BRF:62
BRH:35
end_of_record
TN:
SF:src\config\logger.ts
FN:32,(anonymous_10)
FN:34,(anonymous_11)
FN:63,(anonymous_12)
FN:64,(anonymous_13)
FNF:4
FNH:4
FNDA:230,(anonymous_10)
FNDA:570,(anonymous_11)
FNDA:230,(anonymous_12)
FNDA:340,(anonymous_13)
DA:1,30
DA:2,30
DA:3,30
DA:4,30
DA:6,30
DA:9,30
DA:10,30
DA:11,0
DA:14,30
DA:16,30
DA:32,30
DA:33,230
DA:34,230
DA:35,570
DA:36,230
DA:37,0
DA:39,230
DA:41,230
DA:42,0
DA:49,230
DA:50,0
DA:53,570
DA:58,30
DA:59,30
DA:64,340
DA:65,230
DA:66,230
DA:67,230
DA:70,0
DA:73,0
LF:30
LH:24
BRDA:10,0,0,0
BRDA:14,1,0,30
BRDA:14,1,1,0
BRDA:35,2,0,230
BRDA:35,3,0,570
BRDA:35,3,1,230
BRDA:36,4,0,0
BRDA:41,5,0,0
BRDA:49,6,0,0
BRDA:49,7,0,230
BRDA:49,7,1,230
BRDA:58,8,0,30
BRDA:65,9,0,230
BRF:13
BRH:8
end_of_record
TN:
SF:src\db\models.ts
FN:14,(anonymous_9)
FN:33,(anonymous_10)
FN:38,(anonymous_11)
FN:361,(anonymous_12)
FN:392,(anonymous_13)
FN:419,(anonymous_14)
FN:485,(anonymous_15)
FN:514,(anonymous_16)
FN:619,(anonymous_17)
FN:634,(anonymous_18)
FN:647,(anonymous_19)
FN:660,(anonymous_20)
FN:681,(anonymous_21)
FN:686,(anonymous_22)
FN:692,(anonymous_23)
FN:724,(anonymous_24)
FN:746,(anonymous_25)
FN:754,(anonymous_26)
FN:758,(anonymous_27)
FN:776,(anonymous_28)
FN:793,(anonymous_29)
FN:810,(anonymous_30)
FN:819,(anonymous_31)
FN:831,(anonymous_32)
FN:849,(anonymous_33)
FN:867,(anonymous_34)
FN:877,(anonymous_35)
FN:973,(anonymous_36)
FN:998,(anonymous_37)
FN:1052,(anonymous_38)
FNF:30
FNH:18
FNDA:19,(anonymous_9)
FNDA:0,(anonymous_10)
FNDA:1,(anonymous_11)
FNDA:0,(anonymous_12)
FNDA:0,(anonymous_13)
FNDA:0,(anonymous_14)
FNDA:0,(anonymous_15)
FNDA:3,(anonymous_16)
FNDA:2,(anonymous_17)
FNDA:1,(anonymous_18)
FNDA:2,(anonymous_19)
FNDA:1,(anonymous_20)
FNDA:0,(anonymous_21)
FNDA:0,(anonymous_22)
FNDA:0,(anonymous_23)
FNDA:1,(anonymous_24)
FNDA:1,(anonymous_25)
FNDA:0,(anonymous_26)
FNDA:1,(anonymous_27)
FNDA:4,(anonymous_28)
FNDA:1,(anonymous_29)
FNDA:1,(anonymous_30)
FNDA:1,(anonymous_31)
FNDA:1,(anonymous_32)
FNDA:0,(anonymous_33)
FNDA:0,(anonymous_34)
FNDA:1,(anonymous_35)
FNDA:1,(anonymous_36)
FNDA:1,(anonymous_37)
FNDA:0,(anonymous_38)
DA:1,3
DA:2,3
DA:3,3
DA:9,3
DA:11,3
DA:16,19
DA:24,19
DA:31,19
DA:33,19
DA:34,0
DA:39,1
DA:42,1
DA:43,1
DA:44,1
DA:46,0
DA:54,0
DA:55,0
DA:60,0
DA:63,1
DA:64,1
DA:66,1
DA:82,1
DA:96,1
DA:125,1
DA:143,1
DA:172,1
DA:191,1
DA:217,1
DA:234,1
DA:254,1
DA:272,1
DA:283,1
DA:298,1
DA:315,1
DA:333,1
DA:350,1
DA:351,1
DA:353,0
DA:354,0
DA:355,0
DA:357,1
DA:362,0
DA:379,0
DA:393,0
DA:408,0
DA:420,0
DA:450,0
DA:451,0
DA:452,0
DA:456,0
DA:457,0
DA:458,0
DA:461,0
DA:486,0
DA:502,0
DA:515,3
DA:516,3
DA:517,3
DA:519,3
DA:551,3
DA:553,3
DA:579,3
DA:581,3
DA:582,3
DA:590,3
DA:591,4
DA:592,4
DA:607,3
DA:609,0
DA:610,0
DA:612,3
DA:620,2
DA:625,2
DA:626,1
DA:629,1
DA:635,1
DA:644,1
DA:648,2
DA:653,2
DA:654,1
DA:657,1
DA:666,1
DA:678,1
DA:682,0
DA:686,0
DA:703,0
DA:711,0
DA:732,1
DA:745,1
DA:746,1
DA:755,0
DA:765,1
DA:773,1
DA:781,4
DA:786,4
DA:787,4
DA:800,1
DA:809,1
DA:810,1
DA:820,1
DA:828,1
DA:832,1
DA:833,1
DA:834,1
DA:835,1
DA:837,1
DA:846,1
DA:855,0
DA:863,0
DA:864,0
DA:868,0
DA:878,1
DA:879,1
DA:880,1
DA:882,1
DA:910,1
DA:916,1
DA:938,1
DA:940,1
DA:941,1
DA:948,1
DA:949,1
DA:950,1
DA:964,1
DA:966,0
DA:967,0
DA:969,1
DA:974,1
DA:975,1
DA:976,1
DA:978,1
DA:997,1
DA:998,1
DA:999,1
DA:1002,1
DA:1017,1
DA:1019,1
DA:1020,1
DA:1027,1
DA:1028,1
DA:1029,1
DA:1043,1
DA:1045,0
DA:1046,0
DA:1048,1
DA:1053,0
LF:146
LH:108
BRDA:17,0,0,19
BRDA:17,0,1,0
BRDA:17,0,2,0
BRDA:18,1,0,19
BRDA:18,1,1,0
BRDA:18,1,2,0
BRDA:19,2,0,19
BRDA:19,2,1,0
BRDA:19,2,2,0
BRDA:20,3,0,19
BRDA:20,3,1,0
BRDA:20,3,2,0
BRDA:21,4,0,19
BRDA:21,4,1,0
BRDA:21,4,2,0
BRDA:49,5,0,0
BRDA:49,5,1,0
BRDA:49,5,2,0
BRDA:50,6,0,0
BRDA:50,6,1,0
BRDA:50,6,2,0
BRDA:51,7,0,0
BRDA:51,7,1,0
BRDA:51,7,2,0
BRDA:54,8,0,0
BRDA:56,9,0,0
BRDA:56,9,1,0
BRDA:56,10,0,0
BRDA:56,10,1,0
BRDA:382,11,0,0
BRDA:382,11,1,0
BRDA:384,12,0,0
BRDA:384,12,1,0
BRDA:385,13,0,0
BRDA:385,13,1,0
BRDA:386,14,0,0
BRDA:386,14,1,0
BRDA:387,15,0,0
BRDA:387,15,1,0
BRDA:411,16,0,0
BRDA:411,16,1,0
BRDA:412,17,0,0
BRDA:412,17,1,0
BRDA:414,18,0,0
BRDA:414,18,1,0
BRDA:450,19,0,0
BRDA:450,19,1,0
BRDA:451,20,0,0
BRDA:451,21,0,0
BRDA:451,21,1,0
BRDA:456,22,0,0
BRDA:456,22,1,0
BRDA:457,23,0,0
BRDA:457,24,0,0
BRDA:457,24,1,0
BRDA:464,25,0,0
BRDA:464,25,1,0
BRDA:465,26,0,0
BRDA:465,26,1,0
BRDA:466,27,0,0
BRDA:466,27,1,0
BRDA:467,28,0,0
BRDA:467,28,1,0
BRDA:468,29,0,0
BRDA:468,29,1,0
BRDA:470,30,0,0
BRDA:470,30,1,0
BRDA:472,31,0,0
BRDA:472,31,1,0
BRDA:477,32,0,0
BRDA:477,32,1,0
BRDA:478,33,0,0
BRDA:478,33,1,0
BRDA:504,34,0,0
BRDA:504,34,1,0
BRDA:505,35,0,0
BRDA:505,35,1,0
BRDA:506,36,0,0
BRDA:506,36,1,0
BRDA:507,37,0,0
BRDA:507,37,1,0
BRDA:508,38,0,0
BRDA:508,38,1,0
BRDA:509,39,0,0
BRDA:509,39,1,0
BRDA:551,40,0,2
BRDA:551,40,1,1
BRDA:551,41,0,1
BRDA:551,41,1,0
BRDA:556,42,0,0
BRDA:556,42,1,3
BRDA:557,43,0,0
BRDA:557,43,1,3
BRDA:558,44,0,0
BRDA:558,44,1,3
BRDA:559,45,0,0
BRDA:559,45,1,3
BRDA:567,46,0,0
BRDA:567,46,1,3
BRDA:568,47,0,0
BRDA:568,47,1,3
BRDA:569,48,0,0
BRDA:569,48,1,3
BRDA:570,49,0,1
BRDA:570,49,1,2
BRDA:571,50,0,0
BRDA:571,50,1,3
BRDA:572,51,0,0
BRDA:572,51,1,3
BRDA:573,52,0,3
BRDA:573,52,1,3
BRDA:574,53,0,3
BRDA:574,53,1,3
BRDA:581,54,0,3
BRDA:591,55,0,4
BRDA:591,55,1,4
BRDA:591,55,2,4
BRDA:591,56,0,4
BRDA:591,56,1,0
BRDA:595,57,0,4
BRDA:595,57,1,0
BRDA:596,58,0,1
BRDA:596,58,1,3
BRDA:597,59,0,0
BRDA:597,59,1,4
BRDA:598,60,0,0
BRDA:598,60,1,4
BRDA:601,61,0,0
BRDA:601,61,1,4
BRDA:625,62,0,1
BRDA:629,63,0,1
BRDA:629,63,1,0
BRDA:634,64,0,0
BRDA:644,65,0,1
BRDA:644,65,1,0
BRDA:653,66,0,1
BRDA:663,67,0,0
BRDA:758,68,0,0
BRDA:779,69,0,0
BRDA:793,70,0,0
BRDA:813,71,0,1
BRDA:813,71,1,0
BRDA:828,72,0,1
BRDA:828,72,1,0
BRDA:834,73,0,1
BRDA:834,73,1,0
BRDA:835,74,0,1
BRDA:835,74,1,0
BRDA:910,75,0,1
BRDA:910,75,1,0
BRDA:912,76,0,0
BRDA:912,76,1,0
BRDA:920,77,0,0
BRDA:920,77,1,1
BRDA:921,78,0,0
BRDA:921,78,1,1
BRDA:922,79,0,0
BRDA:922,79,1,1
BRDA:923,80,0,0
BRDA:923,80,1,1
BRDA:928,81,0,0
BRDA:928,81,1,1
BRDA:929,82,0,0
BRDA:929,82,1,1
BRDA:930,83,0,0
BRDA:930,83,1,1
BRDA:931,84,0,1
BRDA:931,84,1,0
BRDA:932,85,0,0
BRDA:932,85,1,1
BRDA:933,86,0,1
BRDA:933,86,1,1
BRDA:934,87,0,1
BRDA:934,87,1,1
BRDA:940,88,0,1
BRDA:949,89,0,1
BRDA:954,90,0,1
BRDA:954,90,1,0
BRDA:955,91,0,0
BRDA:955,91,1,1
BRDA:956,92,0,1
BRDA:956,92,1,0
BRDA:957,93,0,0
BRDA:957,93,1,1
BRDA:997,94,0,1
BRDA:997,94,1,0
BRDA:997,95,0,0
BRDA:997,95,1,0
BRDA:999,96,0,1
BRDA:999,96,1,0
BRDA:999,96,2,0
BRDA:999,97,0,0
BRDA:999,97,1,0
BRDA:1006,98,0,0
BRDA:1006,98,1,1
BRDA:1007,99,0,0
BRDA:1007,99,1,1
BRDA:1008,100,0,0
BRDA:1008,100,1,1
BRDA:1009,101,0,0
BRDA:1009,101,1,1
BRDA:1013,102,0,1
BRDA:1013,102,1,0
BRDA:1019,103,0,1
BRDA:1028,104,0,1
BRDA:1034,105,0,1
BRDA:1034,105,1,0
BRDA:1035,106,0,0
BRDA:1035,106,1,1
BRDA:1036,107,0,0
BRDA:1036,107,1,1
BRF:211
BRH:74
end_of_record
TN:
SF:src\jobs\queueProcessor.ts
FN:15,(anonymous_0)
FN:25,(anonymous_1)
FN:33,(anonymous_2)
FN:38,(anonymous_3)
FN:46,(anonymous_4)
FN:67,(anonymous_5)
FN:79,(anonymous_6)
FN:115,(anonymous_7)
FN:144,(anonymous_8)
FN:182,(anonymous_9)
FNF:10
FNH:8
FNDA:8,(anonymous_0)
FNDA:1,(anonymous_1)
FNDA:0,(anonymous_2)
FNDA:9,(anonymous_3)
FNDA:3,(anonymous_4)
FNDA:1,(anonymous_5)
FNDA:1,(anonymous_6)
FNDA:3,(anonymous_7)
FNDA:0,(anonymous_8)
FNDA:3,(anonymous_9)
DA:1,3
DA:6,3
DA:10,8
DA:11,8
DA:12,8
DA:13,8
DA:20,8
DA:21,8
DA:22,8
DA:26,1
DA:27,0
DA:28,0
DA:31,1
DA:32,1
DA:33,1
DA:34,0
DA:39,9
DA:40,1
DA:41,1
DA:42,1
DA:47,3
DA:48,0
DA:51,3
DA:52,0
DA:55,3
DA:57,3
DA:58,3
DA:60,3
DA:61,2
DA:62,2
DA:65,1
DA:67,1
DA:68,1
DA:70,1
DA:71,1
DA:73,0
DA:75,3
DA:86,1
DA:87,1
DA:89,1
DA:90,1
DA:92,0
DA:93,0
DA:97,0
DA:98,0
DA:100,0
DA:103,0
DA:104,0
DA:106,0
DA:119,3
DA:121,3
DA:122,0
DA:125,3
DA:127,3
DA:128,2
DA:134,2
DA:138,2
DA:140,1
DA:148,0
DA:150,0
DA:151,0
DA:154,0
DA:156,0
DA:157,0
DA:160,0
DA:161,0
DA:164,0
DA:176,0
DA:186,3
DA:187,0
DA:190,3
DA:192,3
DA:193,1
DA:196,2
DA:197,2
DA:199,2
DA:210,2
DA:212,1
DA:213,0
DA:216,1
DA:217,1
DA:218,1
DA:225,1
DA:230,1
LF:84
LH:57
BRDA:26,0,0,0
BRDA:39,1,0,1
BRDA:47,2,0,0
BRDA:51,3,0,0
BRDA:51,4,0,3
BRDA:51,4,1,3
BRDA:60,5,0,2
BRDA:87,6,0,1
BRDA:87,6,1,0
BRDA:87,6,2,0
BRDA:87,6,3,0
BRDA:87,6,4,0
BRDA:87,6,5,0
BRDA:103,7,0,0
BRDA:103,7,1,0
BRDA:121,8,0,0
BRDA:127,9,0,2
BRDA:127,9,1,1
BRDA:127,10,0,3
BRDA:127,10,1,2
BRDA:150,11,0,0
BRDA:156,12,0,0
BRDA:160,13,0,0
BRDA:160,13,1,0
BRDA:186,14,0,0
BRDA:192,15,0,1
BRDA:192,16,0,3
BRDA:192,16,1,3
BRDA:196,17,0,2
BRDA:196,17,1,2
BRDA:197,18,0,2
BRDA:197,18,1,0
BRDA:203,19,0,2
BRDA:203,19,1,0
BRDA:204,20,0,2
BRDA:204,20,1,2
BRDA:212,21,0,0
BRDA:212,22,0,1
BRDA:212,22,1,1
BRDA:213,23,0,0
BRDA:213,23,1,0
BRDA:213,23,2,0
BRDA:216,24,0,1
BRDA:230,25,0,1
BRDA:230,25,1,0
BRF:45
BRH:22
end_of_record
TN:
SF:src\jobs\scheduler.ts
FN:28,(anonymous_9)
FN:62,(anonymous_10)
FN:113,(anonymous_11)
FN:179,(anonymous_12)
FN:216,(anonymous_13)
FN:243,(anonymous_14)
FN:270,(anonymous_15)
FN:417,(anonymous_16)
FN:448,(anonymous_17)
FN:483,(anonymous_18)
FN:515,(anonymous_19)
FN:563,(anonymous_20)
FN:613,(anonymous_21)
FN:619,(anonymous_22)
FN:620,(anonymous_23)
FN:621,(anonymous_24)
FN:622,(anonymous_25)
FN:635,(anonymous_26)
FN:641,(anonymous_27)
FN:645,(anonymous_28)
FN:647,(anonymous_29)
FN:655,(anonymous_30)
FN:666,(anonymous_31)
FN:670,(anonymous_32)
FN:675,(anonymous_33)
FN:676,(anonymous_34)
FNF:26
FNH:16
FNDA:15,(anonymous_9)
FNDA:5,(anonymous_10)
FNDA:6,(anonymous_11)
FNDA:5,(anonymous_12)
FNDA:5,(anonymous_13)
FNDA:0,(anonymous_14)
FNDA:5,(anonymous_15)
FNDA:7,(anonymous_16)
FNDA:6,(anonymous_17)
FNDA:7,(anonymous_18)
FNDA:1,(anonymous_19)
FNDA:1,(anonymous_20)
FNDA:30,(anonymous_21)
FNDA:24,(anonymous_22)
FNDA:24,(anonymous_23)
FNDA:3,(anonymous_24)
FNDA:3,(anonymous_25)
FNDA:0,(anonymous_26)
FNDA:0,(anonymous_27)
FNDA:0,(anonymous_28)
FNDA:0,(anonymous_29)
FNDA:0,(anonymous_30)
FNDA:0,(anonymous_31)
FNDA:0,(anonymous_32)
FNDA:0,(anonymous_33)
FNDA:0,(anonymous_34)
DA:1,2
DA:2,2
DA:3,2
DA:4,2
DA:5,2
DA:6,2
DA:7,2
DA:8,2
DA:9,2
DA:10,2
DA:11,2
DA:12,2
DA:14,2
DA:16,15
DA:20,15
DA:21,15
DA:24,15
DA:25,15
DA:26,15
DA:29,15
DA:30,15
DA:31,15
DA:33,15
DA:34,15
DA:35,15
DA:36,15
DA:37,15
DA:40,15
DA:41,15
DA:42,15
DA:43,15
DA:44,15
DA:47,15
DA:52,15
DA:54,15
DA:56,0
DA:63,5
DA:64,0
DA:65,0
DA:68,5
DA:69,5
DA:71,5
DA:72,5
DA:74,5
DA:76,5
DA:77,5
DA:80,5
DA:82,5
DA:83,5
DA:86,5
DA:87,5
DA:90,5
DA:91,5
DA:94,0
DA:97,5
DA:98,5
DA:100,0
DA:109,5
DA:114,6
DA:115,6
DA:117,6
DA:120,6
DA:122,0
DA:123,0
DA:126,6
DA:127,6
DA:130,6
DA:131,6
DA:132,3
DA:133,3
DA:137,6
DA:138,6
DA:139,3
DA:140,3
DA:144,6
DA:145,6
DA:146,6
DA:147,6
DA:148,3
DA:149,3
DA:150,3
DA:151,3
DA:153,0
DA:154,0
DA:155,0
DA:156,0
DA:158,0
DA:163,6
DA:165,6
DA:171,6
DA:172,6
DA:174,0
DA:175,0
DA:180,5
DA:181,5
DA:183,5
DA:184,5
DA:186,5
DA:187,5
DA:189,5
DA:190,3
DA:191,3
DA:192,3
DA:193,3
DA:195,0
DA:196,0
DA:197,0
DA:199,0
DA:205,5
DA:207,5
DA:208,5
DA:209,5
DA:211,0
DA:212,0
DA:217,5
DA:218,5
DA:220,5
DA:221,0
DA:222,0
DA:225,5
DA:226,5
DA:228,5
DA:229,0
DA:230,0
DA:233,5
DA:236,5
DA:237,5
DA:238,0
DA:243,0
DA:245,0
DA:246,0
DA:247,0
DA:255,0
DA:256,0
DA:258,0
DA:263,5
DA:265,0
DA:271,5
DA:272,5
DA:274,5
DA:275,0
DA:276,0
DA:279,5
DA:280,5
DA:282,5
DA:283,0
DA:284,0
DA:287,5
DA:289,5
DA:295,5
DA:297,5
DA:298,5
DA:300,5
DA:301,0
DA:302,0
DA:306,0
DA:307,0
DA:310,0
DA:321,0
DA:322,0
DA:325,0
DA:326,0
DA:327,0
DA:329,0
DA:330,0
DA:335,0
DA:345,0
DA:350,0
DA:352,0
DA:357,0
DA:368,0
DA:372,5
DA:373,0
DA:375,0
DA:377,0
DA:378,0
DA:382,0
DA:390,0
DA:396,0
DA:398,0
DA:402,0
DA:405,5
DA:408,5
DA:412,0
DA:418,7
DA:419,7
DA:421,7
DA:422,7
DA:424,4
DA:425,4
DA:427,4
DA:428,5
DA:429,5
DA:430,5
DA:431,4
DA:433,1
DA:434,1
DA:439,4
DA:440,4
DA:441,4
DA:443,3
DA:449,6
DA:450,6
DA:452,6
DA:453,6
DA:455,6
DA:456,6
DA:458,6
DA:459,1
DA:460,1
DA:461,1
DA:462,1
DA:464,1
DA:465,1
DA:468,0
DA:469,0
DA:474,6
DA:475,6
DA:476,6
DA:478,0
DA:484,7
DA:485,7
DA:487,7
DA:488,7
DA:490,6
DA:491,1
DA:492,1
DA:494,1
DA:495,1
DA:500,6
DA:501,6
DA:502,6
DA:505,1
DA:506,1
DA:510,0
DA:516,1
DA:517,1
DA:527,1
DA:529,1
DA:530,0
DA:531,0
DA:532,0
DA:533,0
DA:534,0
DA:543,1
DA:544,0
DA:556,0
DA:559,0
DA:564,1
DA:565,1
DA:575,1
DA:577,1
DA:578,0
DA:579,0
DA:580,0
DA:581,0
DA:582,0
DA:583,0
DA:593,1
DA:594,0
DA:606,0
DA:609,0
DA:614,30
DA:615,17
DA:618,13
DA:619,24
DA:620,24
DA:621,3
DA:622,3
DA:624,13
DA:625,12
DA:628,1
DA:629,1
DA:637,0
DA:639,0
DA:641,0
DA:642,0
DA:645,0
DA:646,0
DA:647,0
DA:648,0
DA:652,0
DA:656,0
DA:657,0
DA:658,0
DA:659,0
DA:661,0
DA:662,0
DA:667,0
DA:671,0
DA:672,0
DA:676,0
LF:292
LH:187
BRDA:63,0,0,0
BRDA:76,1,0,5
BRDA:82,2,0,5
BRDA:82,3,0,5
BRDA:82,3,1,5
BRDA:101,4,0,0
BRDA:101,4,1,0
BRDA:120,5,0,0
BRDA:120,5,1,6
BRDA:132,6,0,3
BRDA:139,7,0,3
BRDA:148,8,0,3
BRDA:153,9,0,0
BRDA:153,9,1,0
BRDA:154,10,0,0
BRDA:154,10,1,0
BRDA:171,11,0,6
BRDA:171,11,1,6
BRDA:184,12,0,5
BRDA:184,12,1,5
BRDA:190,13,0,3
BRDA:195,14,0,0
BRDA:195,14,1,0
BRDA:208,15,0,5
BRDA:208,15,1,5
BRDA:220,16,0,0
BRDA:225,17,0,5
BRDA:225,17,1,0
BRDA:226,18,0,5
BRDA:226,18,1,0
BRDA:228,19,0,0
BRDA:228,20,0,5
BRDA:228,20,1,5
BRDA:228,20,2,5
BRDA:228,20,3,5
BRDA:274,21,0,0
BRDA:274,22,0,5
BRDA:274,22,1,5
BRDA:279,23,0,5
BRDA:279,23,1,0
BRDA:280,24,0,5
BRDA:280,24,1,0
BRDA:282,25,0,0
BRDA:282,26,0,5
BRDA:282,26,1,5
BRDA:282,26,2,5
BRDA:282,26,3,5
BRDA:306,27,0,0
BRDA:325,28,0,0
BRDA:325,28,1,0
BRDA:326,29,0,0
BRDA:326,29,1,0
BRDA:329,30,0,0
BRDA:372,31,0,0
BRDA:372,31,1,5
BRDA:378,32,0,0
BRDA:378,32,1,0
BRDA:422,33,0,7
BRDA:422,33,1,7
BRDA:428,34,0,5
BRDA:440,35,0,4
BRDA:440,35,1,4
BRDA:453,36,0,6
BRDA:453,36,1,6
BRDA:459,37,0,1
BRDA:464,38,0,1
BRDA:464,39,0,1
BRDA:464,39,1,1
BRDA:475,40,0,6
BRDA:475,40,1,6
BRDA:488,41,0,7
BRDA:488,41,1,7
BRDA:491,42,0,1
BRDA:494,43,0,1
BRDA:494,44,0,1
BRDA:494,44,1,1
BRDA:501,45,0,6
BRDA:501,45,1,6
BRDA:505,46,0,1
BRDA:505,46,1,0
BRDA:505,47,0,1
BRDA:505,47,1,0
BRDA:507,48,0,1
BRDA:507,48,1,0
BRDA:517,49,0,0
BRDA:517,49,1,1
BRDA:519,50,0,0
BRDA:519,50,1,1
BRDA:530,51,0,0
BRDA:530,52,0,0
BRDA:530,52,1,0
BRDA:530,52,2,0
BRDA:530,53,0,0
BRDA:530,53,1,0
BRDA:532,54,0,0
BRDA:533,55,0,0
BRDA:533,55,1,0
BRDA:537,56,0,0
BRDA:537,56,1,0
BRDA:543,57,0,0
BRDA:547,58,0,0
BRDA:547,58,1,0
BRDA:548,59,0,0
BRDA:548,59,1,0
BRDA:549,60,0,0
BRDA:549,60,1,0
BRDA:565,61,0,0
BRDA:565,61,1,1
BRDA:567,62,0,0
BRDA:567,62,1,1
BRDA:578,63,0,0
BRDA:580,64,0,0
BRDA:581,65,0,0
BRDA:581,65,1,0
BRDA:581,65,2,0
BRDA:582,66,0,0
BRDA:586,67,0,0
BRDA:586,67,1,0
BRDA:593,68,0,0
BRDA:597,69,0,0
BRDA:597,69,1,0
BRDA:598,70,0,0
BRDA:598,70,1,0
BRDA:599,71,0,0
BRDA:599,71,1,0
BRDA:614,72,0,17
BRDA:624,73,0,12
BRDA:637,74,0,0
BRDA:637,74,1,0
BRDA:656,75,0,0
BRDA:661,76,0,0
BRF:131
BRH:60
end_of_record
TN:
SF:src\services\base.ts
FN:32,(anonymous_0)
FN:45,(anonymous_1)
FN:51,(anonymous_2)
FN:70,(anonymous_3)
FN:105,(anonymous_4)
FN:148,(anonymous_5)
FN:190,(anonymous_6)
FN:208,(anonymous_7)
FN:210,(anonymous_8)
FN:236,(anonymous_9)
FN:237,(anonymous_10)
FNF:11
FNH:7
FNDA:36,(anonymous_0)
FNDA:2,(anonymous_1)
FNDA:0,(anonymous_2)
FNDA:0,(anonymous_3)
FNDA:3,(anonymous_4)
FNDA:0,(anonymous_5)
FNDA:0,(anonymous_6)
FNDA:6,(anonymous_7)
FNDA:9,(anonymous_8)
FNDA:3,(anonymous_9)
FNDA:3,(anonymous_10)
DA:2,13
DA:27,13
DA:33,36
DA:34,36
DA:35,36
DA:46,2
DA:47,2
DA:50,2
DA:51,0
DA:55,2
DA:56,0
DA:57,0
DA:58,0
DA:59,0
DA:60,0
DA:64,2
DA:75,0
DA:77,0
DA:78,0
DA:79,0
DA:81,0
DA:83,0
DA:84,0
DA:85,0
DA:86,0
DA:89,0
DA:91,0
DA:92,0
DA:93,0
DA:94,0
DA:97,0
DA:110,3
DA:111,3
DA:112,3
DA:114,3
DA:117,6
DA:119,3
DA:121,3
DA:122,3
DA:124,3
DA:125,3
DA:126,3
DA:129,3
DA:130,3
DA:131,3
DA:134,0
DA:138,6
DA:139,6
DA:143,6
DA:146,6
DA:147,0
DA:148,0
DA:154,6
DA:155,3
DA:156,3
DA:158,0
DA:159,0
DA:160,0
DA:161,0
DA:163,0
DA:166,3
DA:169,6
DA:170,6
DA:172,6
DA:175,6
DA:177,3
DA:178,0
DA:179,3
DA:181,0
DA:185,3
DA:186,0
DA:187,0
DA:190,0
DA:194,3
DA:198,3
DA:201,3
DA:210,9
DA:212,6
DA:213,0
DA:217,6
DA:218,6
DA:221,6
DA:222,6
DA:226,0
DA:227,0
DA:230,0
DA:237,3
LF:87
LH:49
BRDA:37,0,0,36
BRDA:37,0,1,0
BRDA:47,1,0,2
BRDA:47,1,1,0
BRDA:55,2,0,0
BRDA:73,3,0,0
BRDA:81,4,0,0
BRDA:81,5,0,0
BRDA:81,5,1,0
BRDA:83,6,0,0
BRDA:83,6,1,0
BRDA:89,7,0,0
BRDA:89,8,0,0
BRDA:89,8,1,0
BRDA:107,9,0,3
BRDA:108,10,0,3
BRDA:117,11,0,3
BRDA:117,11,1,3
BRDA:121,12,0,3
BRDA:126,13,0,3
BRDA:126,13,1,0
BRDA:146,14,0,0
BRDA:154,15,0,3
BRDA:154,15,1,3
BRDA:154,16,0,6
BRDA:154,16,1,3
BRDA:156,17,0,0
BRDA:156,17,1,3
BRDA:156,18,0,3
BRDA:156,18,1,0
BRDA:158,19,0,0
BRDA:158,19,1,0
BRDA:160,20,0,0
BRDA:160,20,1,0
BRDA:160,21,0,0
BRDA:160,21,1,0
BRDA:170,22,0,0
BRDA:170,22,1,6
BRDA:172,23,0,6
BRDA:172,23,1,6
BRDA:172,24,0,3
BRDA:172,24,1,3
BRDA:175,25,0,3
BRDA:177,26,0,0
BRDA:177,26,1,3
BRDA:177,27,0,3
BRDA:177,27,1,0
BRDA:179,28,0,0
BRDA:179,28,1,3
BRDA:185,29,0,0
BRDA:185,30,0,3
BRDA:185,30,1,0
BRDA:189,31,0,0
BRDA:189,31,1,0
BRDA:212,32,0,0
BRDA:221,33,0,6
BRDA:226,34,0,0
BRDA:226,35,0,0
BRDA:226,35,1,0
BRF:59
BRH:25
end_of_record
TN:
SF:src\services\catalog.ts
FN:51,(anonymous_0)
FN:58,(anonymous_1)
FN:78,(anonymous_2)
FN:98,(anonymous_3)
FN:118,(anonymous_4)
FN:145,(anonymous_5)
FNF:6
FNH:6
FNDA:6,(anonymous_0)
FNDA:2,(anonymous_1)
FNDA:1,(anonymous_2)
FNDA:1,(anonymous_3)
FNDA:1,(anonymous_4)
FNDA:1,(anonymous_5)
DA:2,3
DA:3,3
DA:50,3
DA:52,6
DA:59,2
DA:60,2
DA:62,2
DA:63,1
DA:66,2
DA:71,2
DA:72,2
DA:79,1
DA:80,1
DA:82,1
DA:83,0
DA:86,1
DA:91,1
DA:92,1
DA:99,1
DA:100,1
DA:102,1
DA:103,0
DA:106,1
DA:111,1
DA:112,1
DA:123,1
DA:125,1
DA:131,1
DA:135,1
DA:150,1
DA:152,1
DA:158,1
DA:162,1
LF:33
LH:31
BRDA:62,0,0,1
BRDA:82,1,0,0
BRDA:102,2,0,0
BRF:3
BRH:1
end_of_record
TN:
SF:src\services\contpaqiDocuments.ts
FN:35,(anonymous_0)
FN:42,(anonymous_1)
FN:81,(anonymous_2)
FN:104,(anonymous_3)
FN:125,(anonymous_4)
FNF:5
FNH:5
FNDA:8,(anonymous_0)
FNDA:3,(anonymous_1)
FNDA:2,(anonymous_2)
FNDA:1,(anonymous_3)
FNDA:2,(anonymous_4)
DA:2,3
DA:32,3
DA:36,8
DA:43,3
DA:44,3
DA:46,3
DA:56,2
DA:57,1
DA:62,1
DA:65,1
DA:66,1
DA:68,2
DA:74,2
DA:87,2
DA:98,2
DA:111,1
DA:119,1
DA:126,2
DA:127,2
LF:19
LH:19
BRDA:56,0,0,1
BRDA:56,1,0,2
BRDA:56,1,1,1
BRDA:62,2,0,1
BRDA:62,2,1,0
BRDA:62,2,2,0
BRDA:65,3,0,1
BRDA:65,3,1,0
BRDA:84,4,0,1
BRDA:89,5,0,2
BRDA:89,5,1,1
BRDA:106,6,0,0
BRDA:114,7,0,1
BRDA:114,7,1,0
BRDA:126,8,0,1
BRDA:126,8,1,1
BRF:16
BRH:11
end_of_record
TN:
SF:src\services\contpaqiProducts.ts
FN:23,(anonymous_0)
FN:30,(anonymous_1)
FN:60,(anonymous_2)
FN:90,(anonymous_3)
FN:112,(anonymous_4)
FN:138,(anonymous_5)
FN:139,(anonymous_6)
FNF:7
FNH:3
FNDA:5,(anonymous_0)
FNDA:2,(anonymous_1)
FNDA:3,(anonymous_2)
FNDA:0,(anonymous_3)
FNDA:0,(anonymous_4)
FNDA:0,(anonymous_5)
FNDA:0,(anonymous_6)
DA:2,3
DA:20,3
DA:24,5
DA:31,2
DA:32,2
DA:34,2
DA:43,1
DA:45,1
DA:46,1
DA:47,1
DA:49,0
DA:53,0
DA:61,3
DA:62,3
DA:64,3
DA:73,1
DA:75,2
DA:76,1
DA:77,1
DA:79,1
DA:83,1
DA:91,0
DA:93,0
DA:94,0
DA:95,0
DA:96,0
DA:97,0
DA:100,0
DA:102,0
DA:106,0
DA:113,0
DA:114,0
DA:123,0
DA:126,0
DA:127,0
DA:128,0
DA:130,0
DA:134,0
DA:139,0
LF:39
LH:19
BRDA:45,0,0,1
BRDA:75,1,0,1
BRDA:96,2,0,0
BRDA:123,3,0,0
BRDA:123,3,1,0
BRDA:126,4,0,0
BRF:6
BRH:2
end_of_record
TN:
SF:src\services\inventory.ts
FN:17,(anonymous_0)
FN:24,(anonymous_1)
FN:44,(anonymous_2)
FN:68,(anonymous_3)
FNF:4
FNH:4
FNDA:8,(anonymous_0)
FNDA:2,(anonymous_1)
FNDA:4,(anonymous_2)
FNDA:2,(anonymous_3)
DA:2,3
DA:3,3
DA:16,3
DA:18,8
DA:25,2
DA:26,2
DA:28,2
DA:29,1
DA:32,2
DA:37,2
DA:38,2
DA:45,4
DA:46,4
DA:51,2
DA:52,2
DA:55,0
DA:57,2
DA:58,1
DA:59,1
DA:61,1
DA:69,2
DA:70,2
LF:22
LH:21
BRDA:28,0,0,1
BRDA:51,1,0,2
BRDA:52,2,0,1
BRDA:52,2,1,1
BRDA:57,3,0,1
BRF:5
BRH:5
end_of_record
TN:
SF:src\services\purchases.ts
FN:39,(anonymous_0)
FN:43,(anonymous_1)
FN:69,(anonymous_2)
FN:89,(anonymous_3)
FNF:4
FNH:4
FNDA:8,(anonymous_0)
FNDA:4,(anonymous_1)
FNDA:3,(anonymous_2)
FNDA:1,(anonymous_3)
DA:2,3
DA:3,3
DA:38,3
DA:40,8
DA:44,4
DA:45,4
DA:47,4
DA:48,1
DA:51,4
DA:52,4
DA:57,2
DA:58,2
DA:61,2
DA:62,1
DA:63,1
DA:65,1
DA:70,3
DA:71,3
DA:75,2
DA:76,2
DA:79,0
DA:81,1
DA:82,1
DA:83,1
DA:85,0
DA:90,1
DA:91,1
LF:27
LH:25
BRDA:47,0,0,1
BRDA:61,1,0,1
BRDA:61,2,0,2
BRDA:61,2,1,1
BRDA:75,3,0,2
BRDA:76,4,0,1
BRDA:76,4,1,1
BRDA:81,5,0,1
BRF:8
BRH:8
end_of_record
TN:
SF:src\services\sales.ts
FN:43,(anonymous_0)
FN:50,(anonymous_1)
FN:70,(anonymous_2)
FN:93,(anonymous_3)
FN:101,(anonymous_4)
FN:129,(anonymous_5)
FN:131,(anonymous_6)
FN:137,(anonymous_7)
FN:139,(anonymous_8)
FNF:9
FNH:6
FNDA:8,(anonymous_0)
FNDA:0,(anonymous_1)
FNDA:0,(anonymous_2)
FNDA:0,(anonymous_3)
FNDA:13,(anonymous_4)
FNDA:1,(anonymous_5)
FNDA:3,(anonymous_6)
FNDA:1,(anonymous_7)
FNDA:3,(anonymous_8)
DA:2,3
DA:3,3
DA:42,3
DA:44,8
DA:51,0
DA:52,0
DA:54,0
DA:55,0
DA:58,0
DA:63,0
DA:64,0
DA:71,0
DA:72,0
DA:76,0
DA:77,0
DA:80,0
DA:82,0
DA:83,0
DA:84,0
DA:86,0
DA:94,0
DA:95,0
DA:102,13
DA:103,1
DA:106,12
DA:108,12
DA:109,11
DA:110,5
DA:112,6
DA:113,6
DA:114,3
DA:118,4
DA:119,4
DA:120,1
DA:123,3
DA:130,1
DA:131,3
DA:138,1
DA:139,3
LF:39
LH:21
BRDA:54,0,0,0
BRDA:76,1,0,0
BRDA:77,2,0,0
BRDA:77,2,1,0
BRDA:82,3,0,0
BRDA:102,4,0,1
BRDA:102,5,0,13
BRDA:102,5,1,12
BRDA:106,6,0,11
BRDA:106,6,1,1
BRDA:106,7,0,1
BRDA:106,7,1,0
BRDA:109,8,0,5
BRDA:109,9,0,11
BRDA:109,9,1,6
BRDA:112,10,0,6
BRDA:112,10,1,0
BRDA:113,11,0,3
BRDA:118,12,0,4
BRDA:118,12,1,0
BRDA:119,13,0,1
BRF:21
BRH:13
end_of_record
